TN:
SF:src/pages/LobbyPage.jsx
FN:7,normalizeHistoryGame
FN:22,LobbyPage
FN:44,fetchProfile
FN:63,fetchHistory
FN:95,onSubmit
FN:108,resumeRoom
FN:136,onChange
FNF:7
FNH:5
FNDA:0,normalizeHistoryGame
FNDA:10,LobbyPage
FNDA:2,fetchProfile
FNDA:2,fetchHistory
FNDA:1,onSubmit
FNDA:0,resumeRoom
FNDA:5,onChange
DA:1,1
DA:2,1
DA:3,1
DA:5,1
DA:7,0
DA:8,0
DA:9,0
DA:10,0
DA:11,0
DA:13,0
DA:14,0
DA:15,0
DA:16,0
DA:17,0
DA:18,0
DA:19,0
DA:20,0
DA:22,10
DA:23,10
DA:24,10
DA:25,10
DA:26,10
DA:27,10
DA:28,10
DA:29,10
DA:30,10
DA:31,10
DA:32,10
DA:33,10
DA:34,10
DA:36,10
DA:37,2
DA:38,0
DA:39,0
DA:41,2
DA:42,2
DA:44,2
DA:45,2
DA:46,2
DA:47,2
DA:48,2
DA:49,2
DA:50,2
DA:51,0
DA:52,0
DA:53,2
DA:54,2
DA:55,0
DA:56,0
DA:57,0
DA:58,2
DA:59,2
DA:60,2
DA:61,2
DA:63,2
DA:64,2
DA:65,2
DA:66,2
DA:67,2
DA:68,2
DA:69,2
DA:70,0
DA:71,0
DA:72,2
DA:73,2
DA:74,0
DA:75,0
DA:76,0
DA:77,2
DA:78,2
DA:79,2
DA:80,2
DA:82,2
DA:83,2
DA:85,2
DA:86,10
DA:88,10
DA:89,4
DA:90,0
DA:91,0
DA:92,4
DA:93,10
DA:95,10
DA:96,1
DA:97,1
DA:98,1
DA:99,0
DA:100,0
DA:101,0
DA:102,1
DA:103,1
DA:104,1
DA:105,1
DA:106,1
DA:108,10
DA:109,0
DA:110,0
DA:111,0
DA:112,0
DA:113,0
DA:115,10
DA:116,10
DA:118,10
DA:119,10
DA:120,10
DA:121,10
DA:122,10
DA:123,10
DA:124,10
DA:125,10
DA:126,10
DA:128,10
DA:129,10
DA:130,10
DA:131,10
DA:133,10
DA:134,10
DA:135,10
DA:136,10
DA:137,5
DA:138,5
DA:139,0
DA:140,0
DA:141,5
DA:142,10
DA:143,10
DA:144,10
DA:145,10
DA:146,10
DA:147,10
DA:148,10
DA:149,10
DA:150,10
DA:152,10
DA:153,0
DA:154,0
DA:155,0
DA:156,0
DA:157,10
DA:158,10
DA:160,10
DA:161,10
DA:162,10
DA:163,10
DA:164,10
DA:165,8
DA:166,8
DA:167,8
DA:168,8
DA:169,8
DA:170,8
DA:171,2
DA:172,10
DA:174,10
DA:175,10
DA:176,10
DA:177,10
DA:178,10
DA:179,8
DA:180,2
DA:181,10
DA:182,0
DA:183,0
DA:184,0
DA:185,0
DA:186,0
DA:187,0
DA:188,0
DA:189,0
DA:190,10
DA:191,10
DA:192,10
DA:193,10
DA:195,10
LF:174
LH:125
BRDA:22,0,0,10
BRDA:116,1,0,8
BRDA:116,2,0,8
BRDA:116,3,0,2
BRDA:116,4,0,0
BRDA:146,5,0,9
BRDA:147,6,0,1
BRDA:147,7,0,9
BRDA:150,8,0,0
BRDA:152,9,0,0
BRDA:162,10,0,2
BRDA:162,11,0,8
BRDA:163,12,0,0
BRDA:164,13,0,8
BRDA:164,14,0,8
BRDA:167,15,0,0
BRDA:168,16,0,0
BRDA:169,17,0,0
BRDA:170,18,0,2
BRDA:176,19,0,2
BRDA:176,20,0,8
BRDA:177,21,0,0
BRDA:178,22,0,8
BRDA:178,23,0,8
BRDA:178,24,0,8
BRDA:179,25,0,2
BRDA:181,26,0,8
BRDA:181,27,0,8
BRDA:181,28,0,0
BRDA:32,29,0,2
BRDA:36,30,0,2
BRDA:37,31,0,0
BRDA:44,32,0,2
BRDA:50,33,0,0
BRDA:53,34,0,0
BRDA:54,35,0,0
BRDA:63,36,0,2
BRDA:69,37,0,0
BRDA:72,38,0,0
BRDA:73,39,0,0
BRDA:85,40,0,1
BRDA:88,41,0,4
BRDA:89,42,0,0
BRDA:95,43,0,1
BRDA:98,44,0,0
BRDA:136,45,0,5
BRDA:138,46,0,0
BRF:47
BRH:28
end_of_record
TN:
SF:src/pages/RoomPage.jsx
FN:12,normalizeError
FN:21,normalizeParticipants
FN:28,formatClock
FN:35,RoomPage
FN:66,stopMeetingSession
FN:115,onStateChange
FN:123,onOpen
FN:127,onClose
FN:141,onMessage
FN:333,startGame
FN:337,resign
FN:341,confirmResign
FN:346,onMove
FN:350,requestRematch
FN:354,respondRematch
FN:358,joinMedia
FN:444,toggleMic
FN:458,toggleCamera
FN:522,onClick
FN:529,onClick
FN:566,onClick
FN:569,onClick
FN:611,onClick
FN:635,onClick
FN:638,onClick
FN:643,onClick
FNF:26
FNH:8
FNDA:0,normalizeError
FNDA:0,normalizeParticipants
FNDA:6,formatClock
FNDA:11,RoomPage
FNDA:2,stopMeetingSession
FNDA:3,onStateChange
FNDA:3,onOpen
FNDA:0,onClose
FNDA:3,onMessage
FNDA:0,startGame
FNDA:1,resign
FNDA:1,confirmResign
FNDA:0,onMove
FNDA:0,requestRematch
FNDA:0,respondRematch
FNDA:0,joinMedia
FNDA:0,toggleMic
FNDA:0,toggleCamera
FNDA:0,onClick
FNDA:0,onClick
FNDA:0,onClick
FNDA:0,onClick
FNDA:0,onClick
FNDA:0,onClick
FNDA:0,onClick
FNDA:0,onClick
DA:1,1
DA:2,1
DA:3,1
DA:4,1
DA:5,1
DA:6,1
DA:7,1
DA:8,1
DA:10,1
DA:12,0
DA:13,0
DA:14,0
DA:15,0
DA:16,0
DA:17,0
DA:18,0
DA:19,0
DA:21,0
DA:22,0
DA:23,0
DA:24,0
DA:25,0
DA:26,0
DA:28,6
DA:29,6
DA:30,6
DA:31,6
DA:32,6
DA:33,6
DA:35,11
DA:36,11
DA:37,11
DA:38,11
DA:39,11
DA:41,11
DA:42,11
DA:43,11
DA:44,11
DA:45,11
DA:46,11
DA:47,11
DA:49,11
DA:50,11
DA:51,11
DA:52,11
DA:53,11
DA:54,11
DA:55,11
DA:56,11
DA:57,11
DA:58,11
DA:60,11
DA:61,3
DA:62,3
DA:63,3
DA:64,11
DA:66,11
DA:67,2
DA:68,2
DA:69,2
DA:70,2
DA:72,0
DA:73,0
DA:74,0
DA:75,0
DA:76,0
DA:77,0
DA:78,0
DA:79,0
DA:80,0
DA:81,0
DA:82,2
DA:84,11
DA:85,5
DA:86,2
DA:87,0
DA:88,2
DA:89,2
DA:90,2
DA:91,11
DA:93,11
DA:94,3
DA:95,0
DA:96,3
DA:97,3
DA:98,11
DA:100,11
DA:101,3
DA:102,3
DA:104,3
DA:106,3
DA:107,0
DA:108,0
DA:109,0
DA:111,3
DA:113,3
DA:114,3
DA:115,3
DA:116,3
DA:117,3
DA:118,3
DA:119,3
DA:120,3
DA:121,3
DA:122,3
DA:123,3
DA:124,3
DA:125,3
DA:126,3
DA:127,3
DA:128,0
DA:129,0
DA:130,0
DA:131,0
DA:132,0
DA:133,0
DA:134,0
DA:135,0
DA:136,0
DA:137,0
DA:138,0
DA:139,0
DA:140,0
DA:141,3
DA:142,3
DA:143,3
DA:144,0
DA:145,0
DA:146,0
DA:147,0
DA:148,0
DA:149,0
DA:150,0
DA:151,0
DA:152,3
DA:153,0
DA:154,0
DA:155,3
DA:156,0
DA:157,0
DA:158,3
DA:159,1
DA:160,1
DA:161,0
DA:162,1
DA:163,0
DA:164,0
DA:165,1
DA:166,1
DA:167,1
DA:168,1
DA:169,1
DA:170,1
DA:171,1
DA:172,1
DA:173,1
DA:174,1
DA:175,1
DA:176,1
DA:177,1
DA:178,1
DA:179,1
DA:180,1
DA:181,1
DA:182,1
DA:183,1
DA:184,1
DA:185,1
DA:186,1
DA:187,1
DA:188,1
DA:189,0
DA:190,0
DA:191,0
DA:192,0
DA:193,0
DA:194,0
DA:195,0
DA:196,0
DA:197,0
DA:198,0
DA:199,0
DA:200,1
DA:201,3
DA:202,0
DA:203,0
DA:204,0
DA:205,0
DA:206,0
DA:207,0
DA:208,0
DA:209,0
DA:210,0
DA:211,3
DA:212,1
DA:213,1
DA:214,1
DA:215,1
DA:216,1
DA:217,1
DA:218,1
DA:219,1
DA:220,1
DA:221,1
DA:222,1
DA:223,1
DA:224,1
DA:225,1
DA:226,1
DA:227,1
DA:228,1
DA:229,1
DA:230,1
DA:231,3
DA:232,0
DA:233,0
DA:234,0
DA:235,0
DA:236,0
DA:237,0
DA:238,0
DA:239,0
DA:240,0
DA:241,0
DA:242,0
DA:243,3
DA:244,1
DA:245,1
DA:246,1
DA:247,1
DA:248,1
DA:249,1
DA:250,1
DA:251,1
DA:252,1
DA:253,1
DA:254,1
DA:255,1
DA:256,1
DA:257,1
DA:258,1
DA:259,1
DA:260,1
DA:261,1
DA:262,1
DA:263,1
DA:264,3
DA:265,0
DA:266,0
DA:267,0
DA:268,0
DA:269,0
DA:270,0
DA:271,0
DA:272,0
DA:273,0
DA:274,0
DA:275,0
DA:276,3
DA:277,0
DA:278,0
DA:279,0
DA:280,0
DA:281,0
DA:282,0
DA:283,0
DA:284,0
DA:285,0
DA:286,0
DA:287,0
DA:288,3
DA:289,0
DA:290,0
DA:291,3
DA:292,0
DA:293,0
DA:294,0
DA:295,0
DA:296,0
DA:297,0
DA:298,0
DA:299,0
DA:300,3
DA:301,0
DA:302,3
DA:303,3
DA:304,3
DA:306,3
DA:307,3
DA:309,3
DA:310,2
DA:311,2
DA:312,2
DA:313,2
DA:314,11
DA:316,11
DA:317,11
DA:318,3
DA:319,3
DA:320,0
DA:321,8
DA:323,11
DA:324,3
DA:325,0
DA:326,8
DA:328,11
DA:329,11
DA:330,11
DA:331,11
DA:333,11
DA:334,0
DA:335,0
DA:337,11
DA:338,1
DA:339,1
DA:341,11
DA:342,1
DA:343,1
DA:344,1
DA:346,11
DA:347,0
DA:348,0
DA:350,11
DA:351,0
DA:352,0
DA:354,11
DA:355,0
DA:356,0
DA:358,11
DA:359,0
DA:360,0
DA:361,0
DA:362,0
DA:364,0
DA:365,0
DA:366,0
DA:368,0
DA:369,0
DA:370,0
DA:371,0
DA:372,0
DA:373,0
DA:375,0
DA:376,0
DA:377,0
DA:378,0
DA:379,0
DA:381,0
DA:382,0
DA:383,0
DA:384,0
DA:385,0
DA:386,0
DA:388,0
DA:389,0
DA:390,0
DA:391,0
DA:392,0
DA:393,0
DA:394,0
DA:395,0
DA:396,0
DA:397,0
DA:398,0
DA:399,0
DA:400,0
DA:401,0
DA:402,0
DA:403,0
DA:404,0
DA:405,0
DA:406,0
DA:407,0
DA:408,0
DA:409,0
DA:410,0
DA:411,0
DA:412,0
DA:413,0
DA:414,0
DA:415,0
DA:416,0
DA:417,0
DA:418,0
DA:420,0
DA:421,0
DA:422,0
DA:424,0
DA:425,0
DA:426,0
DA:428,0
DA:429,0
DA:430,0
DA:431,0
DA:432,0
DA:433,0
DA:434,0
DA:435,0
DA:436,0
DA:437,0
DA:438,0
DA:439,0
DA:440,0
DA:441,0
DA:442,0
DA:444,11
DA:445,0
DA:446,0
DA:447,0
DA:448,0
DA:449,0
DA:450,0
DA:451,0
DA:452,0
DA:453,0
DA:454,0
DA:455,0
DA:456,0
DA:458,11
DA:459,0
DA:460,0
DA:461,0
DA:462,0
DA:463,0
DA:464,0
DA:465,0
DA:466,0
DA:467,0
DA:468,0
DA:469,0
DA:470,0
DA:472,11
DA:473,11
DA:474,0
DA:475,11
DA:477,11
DA:478,11
DA:479,11
DA:481,11
DA:482,11
DA:483,1
DA:484,1
DA:485,1
DA:486,10
DA:488,11
DA:489,5
DA:490,4
DA:491,4
DA:493,1
DA:494,5
DA:495,0
DA:496,0
DA:498,5
DA:499,5
DA:500,1
DA:501,1
DA:502,1
DA:503,1
DA:504,1
DA:505,0
DA:506,0
DA:507,0
DA:508,0
DA:509,11
DA:511,11
DA:513,11
DA:514,11
DA:515,11
DA:516,11
DA:517,11
DA:518,11
DA:519,11
DA:520,11
DA:521,11
DA:522,11
DA:523,11
DA:525,11
DA:526,0
DA:527,0
DA:528,0
DA:529,0
DA:530,0
DA:531,11
DA:533,11
DA:534,2
DA:535,2
DA:536,2
DA:537,9
DA:539,11
DA:540,11
DA:541,11
DA:542,11
DA:543,11
DA:544,11
DA:545,11
DA:546,11
DA:547,11
DA:548,11
DA:549,11
DA:550,11
DA:551,11
DA:553,11
DA:554,11
DA:555,11
DA:557,11
DA:558,11
DA:560,11
DA:561,11
DA:562,11
DA:563,11
DA:564,11
DA:565,0
DA:566,0
DA:568,0
DA:569,0
DA:571,0
DA:572,0
DA:573,11
DA:574,11
DA:576,11
DA:577,11
DA:578,3
DA:579,3
DA:580,3
DA:581,8
DA:582,11
DA:584,11
DA:585,11
DA:586,11
DA:587,11
DA:588,11
DA:589,11
DA:591,11
DA:592,11
DA:593,11
DA:594,11
DA:595,0
DA:596,0
DA:597,0
DA:598,0
DA:599,0
DA:600,11
DA:601,11
DA:602,11
DA:603,11
DA:605,11
DA:606,1
DA:607,1
DA:608,1
DA:609,1
DA:610,1
DA:611,1
DA:612,1
DA:614,1
DA:615,1
DA:616,1
DA:617,1
DA:618,10
DA:620,11
DA:621,1
DA:622,1
DA:623,1
DA:624,1
DA:625,1
DA:626,1
DA:627,1
DA:628,0
DA:629,1
DA:630,1
DA:631,1
DA:632,1
DA:633,1
DA:634,0
DA:635,0
DA:637,0
DA:638,0
DA:640,0
DA:641,0
DA:642,1
DA:643,1
DA:644,1
DA:645,1
DA:646,1
DA:647,10
DA:648,11
DA:650,11
LF:586
LH:325
BRDA:28,0,0,6
BRDA:35,1,0,11
BRDA:317,2,0,3
BRDA:319,3,0,0
BRDA:320,4,0,8
BRDA:323,5,0,3
BRDA:324,6,0,0
BRDA:325,7,0,8
BRDA:330,8,0,0
BRDA:331,9,0,0
BRDA:473,10,0,0
BRDA:482,11,0,1
BRDA:485,12,0,10
BRDA:511,13,0,3
BRDA:511,14,0,8
BRDA:520,15,0,1
BRDA:520,16,0,10
BRDA:525,17,0,0
BRDA:533,18,0,2
BRDA:536,19,0,9
BRDA:550,20,0,0
BRDA:550,21,0,0
BRDA:555,22,0,8
BRDA:561,23,0,8
BRDA:561,24,0,8
BRDA:562,25,0,0
BRDA:564,26,0,0
BRDA:577,27,0,3
BRDA:580,28,0,8
BRDA:585,29,0,3
BRDA:585,30,0,8
BRDA:593,31,0,0
BRDA:594,32,0,0
BRDA:605,33,0,1
BRDA:617,34,0,10
BRDA:620,35,0,1
BRDA:627,36,0,0
BRDA:631,37,0,0
BRDA:633,38,0,0
BRDA:646,39,0,10
BRDA:37,40,0,3
BRDA:37,41,0,0
BRDA:60,42,0,3
BRDA:66,43,0,2
BRDA:70,44,0,0
BRDA:84,45,0,5
BRDA:85,46,0,2
BRDA:89,47,0,1
BRDA:93,48,0,3
BRDA:97,49,0,2
BRDA:100,50,0,3
BRDA:106,51,0,0
BRDA:115,52,0,3
BRDA:123,53,0,3
BRDA:141,54,0,3
BRDA:143,55,0,0
BRDA:152,56,0,0
BRDA:155,57,0,0
BRDA:158,58,0,1
BRDA:160,59,0,0
BRDA:162,60,0,0
BRDA:166,61,0,0
BRDA:188,62,0,0
BRDA:201,63,0,0
BRDA:211,64,0,1
BRDA:220,65,0,0
BRDA:221,66,0,0
BRDA:225,67,0,0
BRDA:231,68,0,0
BRDA:243,69,0,1
BRDA:264,70,0,0
BRDA:276,71,0,0
BRDA:288,72,0,0
BRDA:291,73,0,0
BRDA:300,74,0,0
BRDA:309,75,0,2
BRDA:337,76,0,1
BRDA:341,77,0,1
BRDA:488,78,0,5
BRDA:489,79,0,4
BRDA:491,80,0,1
BRDA:494,81,0,0
BRDA:496,82,0,1
BRDA:498,83,0,0
BRDA:499,84,0,1
BRDA:504,85,0,0
BRF:86
BRH:48
end_of_record
TN:
SF:src/state/appState.js
FN:42,appStateReducer
FNF:1
FNH:1
FNDA:32,appStateReducer
DA:1,1
DA:2,1
DA:3,1
DA:4,1
DA:5,1
DA:6,1
DA:7,1
DA:8,1
DA:9,1
DA:10,1
DA:11,1
DA:12,1
DA:13,1
DA:14,1
DA:15,1
DA:16,1
DA:17,1
DA:18,1
DA:19,1
DA:20,1
DA:21,1
DA:22,1
DA:23,1
DA:24,1
DA:25,1
DA:26,1
DA:27,1
DA:28,1
DA:29,1
DA:30,1
DA:31,1
DA:32,1
DA:33,1
DA:34,1
DA:35,1
DA:36,1
DA:37,1
DA:38,1
DA:39,1
DA:40,1
DA:42,1
DA:43,32
DA:44,32
DA:45,4
DA:46,4
DA:47,4
DA:48,4
DA:49,4
DA:50,4
DA:51,4
DA:52,32
DA:53,4
DA:54,4
DA:55,4
DA:56,4
DA:57,4
DA:58,4
DA:59,4
DA:60,4
DA:61,32
DA:62,3
DA:63,3
DA:64,3
DA:65,3
DA:66,3
DA:67,3
DA:68,3
DA:69,3
DA:70,32
DA:71,0
DA:72,0
DA:73,0
DA:74,0
DA:75,0
DA:76,0
DA:77,0
DA:78,0
DA:79,0
DA:80,0
DA:81,0
DA:82,0
DA:83,0
DA:84,0
DA:85,0
DA:86,0
DA:87,0
DA:88,0
DA:89,0
DA:90,0
DA:91,0
DA:92,0
DA:93,0
DA:94,0
DA:95,0
DA:96,0
DA:97,0
DA:98,0
DA:99,0
DA:100,0
DA:101,0
DA:102,0
DA:103,0
DA:104,0
DA:105,0
DA:106,0
DA:107,0
DA:108,0
DA:109,0
DA:110,0
DA:111,0
DA:112,0
DA:113,0
DA:114,32
DA:115,1
DA:116,1
DA:117,1
DA:118,1
DA:119,1
DA:120,1
DA:121,1
DA:122,1
DA:123,1
DA:124,32
DA:125,1
DA:126,1
DA:127,1
DA:128,1
DA:129,1
DA:130,1
DA:131,1
DA:132,1
DA:133,1
DA:134,32
DA:135,0
DA:136,0
DA:137,0
DA:138,0
DA:139,0
DA:140,0
DA:141,0
DA:142,32
DA:143,0
DA:144,0
DA:145,0
DA:146,0
DA:147,0
DA:148,0
DA:149,0
DA:150,32
DA:151,4
DA:152,1
DA:153,1
DA:154,3
DA:155,3
DA:156,3
DA:157,3
DA:158,3
DA:159,4
DA:160,4
DA:161,4
DA:162,4
DA:163,4
DA:164,4
DA:165,4
DA:166,4
DA:167,4
DA:168,4
DA:169,32
DA:170,1
DA:171,1
DA:172,1
DA:173,1
DA:174,1
DA:175,1
DA:176,1
DA:177,1
DA:178,1
DA:179,32
DA:180,0
DA:181,0
DA:182,0
DA:183,0
DA:184,0
DA:185,0
DA:186,0
DA:187,0
DA:188,32
DA:189,1
DA:190,1
DA:191,1
DA:192,1
DA:193,1
DA:194,1
DA:195,1
DA:196,1
DA:197,1
DA:198,1
DA:199,1
DA:200,32
DA:201,0
DA:202,0
DA:203,0
DA:204,0
DA:205,0
DA:206,0
DA:207,0
DA:208,0
DA:209,0
DA:210,0
DA:211,32
DA:212,0
DA:213,0
DA:214,0
DA:215,0
DA:216,0
DA:217,0
DA:218,0
DA:219,32
DA:220,0
DA:221,0
DA:222,0
DA:223,0
DA:224,0
DA:225,0
DA:226,0
DA:227,32
DA:228,2
DA:229,2
DA:230,2
DA:231,2
DA:232,2
DA:233,2
DA:234,2
DA:235,2
DA:236,2
DA:237,2
DA:238,2
DA:239,2
DA:240,2
DA:241,2
DA:242,2
DA:243,2
DA:244,2
DA:245,32
DA:246,1
DA:247,0
DA:248,0
DA:249,1
DA:250,1
DA:251,1
DA:252,1
DA:253,1
DA:254,1
DA:255,1
DA:256,1
DA:257,1
DA:258,1
DA:259,1
DA:260,1
DA:261,1
DA:262,1
DA:263,1
DA:264,1
DA:265,32
DA:266,2
DA:267,2
DA:268,2
DA:269,2
DA:270,2
DA:271,2
DA:272,2
DA:273,2
DA:274,2
DA:275,2
DA:276,2
DA:277,2
DA:278,2
DA:279,2
DA:280,2
DA:281,2
DA:282,2
DA:283,32
DA:284,1
DA:285,1
DA:286,1
DA:287,1
DA:288,32
DA:289,3
DA:290,3
DA:291,3
DA:292,3
DA:293,32
DA:294,3
DA:295,3
DA:296,3
DA:297,3
DA:298,32
DA:299,1
DA:300,1
DA:301,1
DA:302,1
DA:303,32
DA:304,0
DA:305,32
DA:306,32
LF:305
LH:213
BRDA:42,0,0,32
BRDA:44,1,0,4
BRDA:48,2,0,0
BRDA:49,3,0,0
BRDA:52,4,0,4
BRDA:61,5,0,3
BRDA:70,6,0,0
BRDA:114,7,0,1
BRDA:120,8,0,0
BRDA:124,9,0,1
BRDA:134,10,0,0
BRDA:142,11,0,0
BRDA:150,12,0,4
BRDA:151,13,0,3
BRDA:151,14,0,1
BRDA:153,15,0,3
BRDA:159,16,0,0
BRDA:160,17,0,0
BRDA:161,18,0,0
BRDA:164,19,0,2
BRDA:165,20,0,1
BRDA:169,21,0,1
BRDA:179,22,0,0
BRDA:188,23,0,1
BRDA:194,24,0,0
BRDA:200,25,0,0
BRDA:211,26,0,0
BRDA:219,27,0,0
BRDA:227,28,0,2
BRDA:245,29,0,1
BRDA:246,30,0,0
BRDA:256,31,0,0
BRDA:257,32,0,0
BRDA:261,33,0,0
BRDA:265,34,0,2
BRDA:274,35,0,1
BRDA:280,36,0,0
BRDA:283,37,0,1
BRDA:288,38,0,3
BRDA:293,39,0,3
BRDA:298,40,0,1
BRDA:303,41,0,0
BRF:42
BRH:22
end_of_record
